Enabled 268 modules:
 * vtkChartsCore, needed by 10 modules:
        VTK_Group_StandAlone
        vtkChartsCore-Test-Cxx
        vtkChartsCore-Test-Python
        vtkCommonDataModel-Test-Cxx
        vtkCommonDataModel-Test-Python
        vtkFiltersPoints-Test-Cxx
        vtkFiltersPoints-Test-Python
        vtkIOExport-Test-Cxx
        vtkRenderingContext2D-Test-Cxx
        vtkViewsInfovis
 * vtkCommonColor, needed by 9 modules:
        vtkChartsCore
        vtkCommonColor-Test-Cxx
        vtkCommonDataModel-Test-Cxx
        vtkCommonDataModel-Test-Python
        vtkFiltersModeling-Test-Cxx
        vtkFiltersModeling-Test-Python
        vtkIOExport-Test-Cxx
        vtkRenderingCore
        vtkViewsInfovis
 * vtkCommonComputationalGeometry, needed by 9 modules:
        VTK_Group_StandAlone
        vtkCommonComputationalGeometry-Test-Cxx
        vtkCommonComputationalGeometry-Test-Python
        vtkFiltersGeneral
        vtkFiltersSources
        vtkImagingStencil
        vtkInfovisLayout
        vtkInteractionWidgets
        vtkRenderingCore
 * vtkCommonCore, needed by 115 modules:
        VTK_Group_StandAlone
        vtkChartsCore
        vtkCommonColor
        vtkCommonComputationalGeometry
        vtkCommonCore-Test-Cxx
        vtkCommonCore-Test-Python
        vtkCommonDataModel
        vtkCommonExecutionModel
        vtkCommonMath
        vtkCommonMisc
        vtkCommonSystem
        vtkCommonTransforms
        vtkDomainsChemistry
        vtkDomainsChemistryOpenGL2
        vtkFiltersAMR
        vtkFiltersCore
        vtkFiltersExtraction
        vtkFiltersFlowPaths
        vtkFiltersGeneral
        vtkFiltersGeneric
        vtkFiltersGeometry
        vtkFiltersHybrid
        vtkFiltersHyperTree
        vtkFiltersImaging
        vtkFiltersModeling
        vtkFiltersParallel
        vtkFiltersParallelDIY2
        vtkFiltersParallelGeometry
        vtkFiltersParallelImaging
        vtkFiltersParallelMPI
        vtkFiltersPoints
        vtkFiltersProgrammable
        vtkFiltersPython
        vtkFiltersSMP
        vtkFiltersSelection
        vtkFiltersSources
        vtkFiltersStatistics
        vtkFiltersTexture
        vtkFiltersTopology
        vtkFiltersVerdict
        vtkGeovisCore
        vtkIOAMR
        vtkIOCore
        vtkIOEnSight
        vtkIOExodus
        vtkIOExport
        vtkIOExportOpenGL2
        vtkIOGeometry
        vtkIOImage
        vtkIOImport
        vtkIOInfovis
        vtkIOLSDyna
        vtkIOLegacy
        vtkIOMINC
        vtkIOMPIImage
        vtkIOMPIParallel
        vtkIOMovie
        vtkIONetCDF
        vtkIOPLY
        vtkIOParallel
        vtkIOParallelNetCDF
        vtkIOParallelXML
        vtkIOSQL
        vtkIOTecplotTable
        vtkIOVideo
        vtkIOXML
        vtkIOXMLParser
        vtkImagingColor
        vtkImagingCore
        vtkImagingFourier
        vtkImagingGeneral
        vtkImagingHybrid
        vtkImagingHybrid-Test-Cxx
        vtkImagingHybrid-Test-Python
        vtkImagingMath
        vtkImagingMorphological
        vtkImagingSources
        vtkImagingStatistics
        vtkImagingStencil
        vtkInfovisCore
        vtkInfovisLayout
        vtkInteractionImage
        vtkInteractionStyle
        vtkInteractionWidgets
        vtkParallelCore
        vtkParallelMPI
        vtkParallelMPI4Py
        vtkPython
        vtkPythonInterpreter
        vtkRenderingAnnotation
        vtkRenderingContext2D
        vtkRenderingContextOpenGL2
        vtkRenderingCore
        vtkRenderingFreeType
        vtkRenderingGL2PSOpenGL2
        vtkRenderingImage
        vtkRenderingLOD
        vtkRenderingLabel
        vtkRenderingOpenGL2
        vtkRenderingTk
        vtkRenderingVolume
        vtkRenderingVolumeOpenGL2
        vtkTestingCore
        vtkTestingGenericBridge
        vtkTestingRendering
        vtkViewsContext2D
        vtkViewsCore
        vtkViewsGeovis
        vtkViewsInfovis
        vtkWebCore
        vtkWebGLExporter
        vtkWebPython
        vtkWrappingJava
        vtkWrappingPythonCore
        vtkWrappingTools
 * vtkCommonDataModel, needed by 100 modules:
        VTK_Group_StandAlone
        vtkChartsCore
        vtkCommonColor
        vtkCommonComputationalGeometry
        vtkCommonDataModel-Test-Cxx
        vtkCommonDataModel-Test-Python
        vtkCommonExecutionModel
        vtkDomainsChemistry
        vtkDomainsChemistryOpenGL2
        vtkFiltersAMR
        vtkFiltersCore
        vtkFiltersExtraction
        vtkFiltersFlowPaths
        vtkFiltersGeneral
        vtkFiltersGeneric
        vtkFiltersGeometry
        vtkFiltersHybrid
        vtkFiltersHyperTree
        vtkFiltersImaging
        vtkFiltersModeling
        vtkFiltersParallel
        vtkFiltersParallelDIY2
        vtkFiltersParallelGeometry
        vtkFiltersParallelGeometry-Test-Cxx
        vtkFiltersParallelImaging
        vtkFiltersParallelMPI
        vtkFiltersParallelMPI-Test-Cxx
        vtkFiltersPoints
        vtkFiltersProgrammable
        vtkFiltersSMP
        vtkFiltersSelection
        vtkFiltersSources
        vtkFiltersStatistics
        vtkFiltersTexture
        vtkFiltersTopology
        vtkFiltersVerdict
        vtkGeovisCore
        vtkIOAMR
        vtkIOCore
        vtkIOEnSight
        vtkIOExodus
        vtkIOExport
        vtkIOExportOpenGL2
        vtkIOGeometry
        vtkIOImage
        vtkIOImport
        vtkIOInfovis
        vtkIOLSDyna
        vtkIOLegacy
        vtkIOMINC
        vtkIOMPIImage
        vtkIOMPIParallel
        vtkIOMovie
        vtkIONetCDF
        vtkIOPLY
        vtkIOParallel
        vtkIOParallelNetCDF
        vtkIOParallelXML
        vtkIOTecplotTable
        vtkIOVideo
        vtkIOXML
        vtkIOXMLParser
        vtkImagingColor
        vtkImagingCore
        vtkImagingFourier
        vtkImagingGeneral
        vtkImagingHybrid
        vtkImagingHybrid-Test-Cxx
        vtkImagingHybrid-Test-Python
        vtkImagingMath
        vtkImagingMorphological
        vtkImagingSources
        vtkImagingStatistics
        vtkImagingStencil
        vtkInfovisCore
        vtkInfovisLayout
        vtkInteractionImage
        vtkInteractionStyle
        vtkInteractionWidgets
        vtkParallelCore
        vtkParallelMPI
        vtkRenderingAnnotation
        vtkRenderingContext2D
        vtkRenderingContextOpenGL2
        vtkRenderingCore
        vtkRenderingFreeType
        vtkRenderingGL2PSOpenGL2
        vtkRenderingImage
        vtkRenderingLOD
        vtkRenderingLabel
        vtkRenderingOpenGL2
        vtkRenderingTk
        vtkRenderingVolume
        vtkRenderingVolumeOpenGL2
        vtkTestingGenericBridge
        vtkTestingRendering
        vtkViewsCore
        vtkViewsInfovis
        vtkWebCore
        vtkWebGLExporter
 * vtkCommonExecutionModel, needed by 87 modules:
        VTK_Group_StandAlone
        vtkChartsCore
        vtkCommonColor-Test-Cxx
        vtkCommonDataModel-Test-Cxx
        vtkCommonDataModel-Test-Python
        vtkCommonExecutionModel-Test-Cxx
        vtkCommonExecutionModel-Test-Python
        vtkDomainsChemistry
        vtkDomainsChemistryOpenGL2
        vtkFiltersAMR
        vtkFiltersCore
        vtkFiltersExtraction
        vtkFiltersFlowPaths
        vtkFiltersGeneral
        vtkFiltersGeneric
        vtkFiltersGeometry
        vtkFiltersHybrid
        vtkFiltersHyperTree
        vtkFiltersImaging
        vtkFiltersModeling
        vtkFiltersParallel
        vtkFiltersParallelDIY2
        vtkFiltersParallelGeometry
        vtkFiltersParallelImaging
        vtkFiltersParallelMPI
        vtkFiltersPoints
        vtkFiltersProgrammable
        vtkFiltersPython
        vtkFiltersSMP
        vtkFiltersSelection
        vtkFiltersSources
        vtkFiltersStatistics
        vtkFiltersTexture
        vtkFiltersTopology
        vtkFiltersVerdict
        vtkGeovisCore
        vtkIOAMR
        vtkIOCore
        vtkIOEnSight
        vtkIOExodus
        vtkIOGeometry
        vtkIOImage
        vtkIOImport
        vtkIOInfovis
        vtkIOLSDyna
        vtkIOLegacy
        vtkIOMINC
        vtkIOMPIParallel
        vtkIOMovie
        vtkIONetCDF
        vtkIONetCDF-Test-Cxx
        vtkIONetCDF-Test-Python
        vtkIOParallel
        vtkIOParallelNetCDF
        vtkIOParallelNetCDF-Test-Cxx
        vtkIOParallelXML
        vtkIOSQL
        vtkIOTecplotTable
        vtkIOVideo
        vtkIOXML
        vtkImagingColor
        vtkImagingCore
        vtkImagingFourier
        vtkImagingGeneral
        vtkImagingHybrid
        vtkImagingMath
        vtkImagingMorphological
        vtkImagingSources
        vtkImagingStatistics
        vtkImagingStencil
        vtkInfovisCore
        vtkInfovisLayout
        vtkInteractionImage
        vtkInteractionWidgets
        vtkRenderingAnnotation
        vtkRenderingContext2D
        vtkRenderingCore
        vtkRenderingFreeType
        vtkRenderingImage
        vtkRenderingLOD
        vtkRenderingLabel
        vtkRenderingOpenGL2
        vtkRenderingTk
        vtkRenderingVolume
        vtkTestingRendering
        vtkViewsCore
        vtkViewsInfovis
 * vtkCommonMath, needed by 30 modules:
        vtkCommonDataModel
        vtkCommonMath-Test-Cxx
        vtkCommonMisc
        vtkCommonTransforms
        vtkDomainsChemistryOpenGL2
        vtkFiltersAMR
        vtkFiltersCore
        vtkFiltersFlowPaths
        vtkFiltersGeneral
        vtkFiltersGeneric
        vtkFiltersHybrid
        vtkFiltersSMP
        vtkIOExport
        vtkIOImage
        vtkIOMINC
        vtkImagingCore
        vtkInteractionStyle
        vtkInteractionWidgets
        vtkRenderingAnnotation
        vtkRenderingContext2D
        vtkRenderingContextOpenGL2
        vtkRenderingCore
        vtkRenderingGL2PSOpenGL2
        vtkRenderingImage
        vtkRenderingLOD
        vtkRenderingLabel
        vtkRenderingOpenGL2
        vtkRenderingVolume
        vtkRenderingVolumeOpenGL2
        vtkWebGLExporter
 * vtkCommonMisc, needed by 29 modules:
        VTK_Group_StandAlone
        vtkCommonDataModel
        vtkCommonExecutionModel
        vtkCommonExecutionModel
        vtkCommonMisc-Test-Cxx
        vtkFiltersCore
        vtkFiltersGeneral
        vtkFiltersGeneric
        vtkFiltersHybrid
        vtkFiltersHyperTree
        vtkFiltersModeling
        vtkFiltersSMP
        vtkFiltersStatistics
        vtkIOCore
        vtkIOGeometry
        vtkIOImage
        vtkIOImport
        vtkIOInfovis
        vtkIOLegacy
        vtkIOMINC
        vtkIOMPIParallel
        vtkIOMovie
        vtkIOPLY
        vtkIOParallel
        vtkIOParallelXML
        vtkIOXML
        vtkPythonInterpreter
        vtkRenderingVolume
        vtkTestingGenericBridge
 * vtkCommonSystem, needed by 37 modules:
        VTK_Group_StandAlone
        vtkCommonCore-Test-Cxx
        vtkCommonCore-Test-Python
        vtkCommonDataModel
        vtkCommonExecutionModel
        vtkCommonMath-Test-Cxx
        vtkCommonSystem-Test-Cxx
        vtkFiltersAMR
        vtkFiltersCore
        vtkFiltersGeneral
        vtkFiltersGeneric
        vtkFiltersHyperTree
        vtkFiltersImaging
        vtkFiltersParallel
        vtkFiltersParallelImaging
        vtkFiltersParallelMPI
        vtkFiltersSMP
        vtkGeovisCore
        vtkIOAMR
        vtkIOGeometry
        vtkIOImage
        vtkIOMovie
        vtkIOParallel
        vtkIOVideo
        vtkIOXML
        vtkImagingColor
        vtkInfovisLayout
        vtkInteractionWidgets
        vtkParallelCore
        vtkRenderingCore
        vtkRenderingLOD
        vtkRenderingLabel
        vtkRenderingOpenGL2
        vtkRenderingVolume
        vtkRenderingVolumeOpenGL2
        vtkTestingRendering
        vtkWebCore
 * vtkCommonTransforms, needed by 40 modules:
        VTK_Group_StandAlone
        vtkChartsCore
        vtkCommonCore-Test-Cxx
        vtkCommonCore-Test-Python
        vtkCommonDataModel
        vtkCommonMath-Test-Cxx
        vtkCommonTransforms-Test-Cxx
        vtkCommonTransforms-Test-Python
        vtkDomainsChemistry
        vtkFiltersCore
        vtkFiltersGeneral
        vtkFiltersGeneric
        vtkFiltersHybrid
        vtkFiltersModeling
        vtkFiltersParallel
        vtkFiltersProgrammable
        vtkFiltersSMP
        vtkFiltersSources
        vtkFiltersTexture
        vtkGeovisCore
        vtkIOExport
        vtkIOGeometry
        vtkIOImage
        vtkIOImport
        vtkIOMINC
        vtkIOMPIImage
        vtkImagingCore
        vtkInfovisLayout
        vtkInteractionStyle
        vtkInteractionWidgets
        vtkRenderingAnnotation
        vtkRenderingContext2D
        vtkRenderingContextOpenGL2
        vtkRenderingCore
        vtkRenderingImage
        vtkRenderingLabel
        vtkRenderingOpenGL2
        vtkRenderingVolume
        vtkRenderingVolumeOpenGL2
        vtkViewsInfovis
 * vtkDICOMParser, needed by vtkIOImage.
 * vtkDomainsChemistry, needed by 5 modules:
        VTK_Group_StandAlone
        vtkDomainsChemistry-Test-Cxx
        vtkDomainsChemistry-Test-Python
        vtkDomainsChemistryOpenGL2
        vtkDomainsChemistryOpenGL2
 * vtkDomainsChemistryOpenGL2, needed by 4 modules:
        vtkDomainsChemistry
        vtkDomainsChemistry-Test-Cxx
        vtkDomainsChemistry-Test-Python
        vtkDomainsChemistryOpenGL2-Test-Cxx
 * vtkFiltersAMR, needed by 9 modules:
        VTK_Group_StandAlone
        vtkFiltersAMR-Test-Cxx
        vtkFiltersAMR-Test-Python
        vtkFiltersFlowPaths-Test-Cxx
        vtkIOAMR
        vtkIOLegacy-Test-Cxx
        vtkIOLegacy-Test-Python
        vtkIOXML-Test-Cxx
        vtkIOXML-Test-Python
 * vtkFiltersCore, needed by 34 modules:
        VTK_Group_StandAlone
        vtkCommonExecutionModel-Test-Cxx
        vtkCommonExecutionModel-Test-Python
        vtkDomainsChemistry
        vtkFiltersAMR
        vtkFiltersCore-Test-Cxx
        vtkFiltersCore-Test-Python
        vtkFiltersExtraction
        vtkFiltersFlowPaths
        vtkFiltersGeneral
        vtkFiltersGeneric
        vtkFiltersGeometry
        vtkFiltersHybrid
        vtkFiltersHyperTree
        vtkFiltersModeling
        vtkFiltersParallel
        vtkFiltersParallelDIY2
        vtkFiltersParallelDIY2
        vtkFiltersSMP
        vtkFiltersSources
        vtkGeovisCore
        vtkIOExodus
        vtkIOImport
        vtkIOParallel
        vtkIOXML-Test-Cxx
        vtkIOXML-Test-Python
        vtkInfovisLayout
        vtkInteractionWidgets
        vtkRenderingAnnotation
        vtkRenderingCore
        vtkRenderingLOD
        vtkRenderingVolumeOpenGL2
        vtkViewsInfovis
        vtkWebGLExporter
 * vtkFiltersExtraction, needed by 12 modules:
        VTK_Group_StandAlone
        vtkFiltersExtraction-Test-Cxx
        vtkFiltersExtraction-Test-Python
        vtkFiltersParallel
        vtkFiltersParallelGeometry
        vtkFiltersParallelImaging
        vtkFiltersParallelMPI
        vtkFiltersSelection-Test-Cxx
        vtkIOParallel
        vtkInfovisCore
        vtkInteractionStyle
        vtkViewsInfovis
 * vtkFiltersFlowPaths, needed by 6 modules:
        VTK_Group_StandAlone
        vtkFiltersFlowPaths-Test-Cxx
        vtkFiltersGeneral-Test-Cxx
        vtkFiltersGeneral-Test-Python
        vtkInteractionWidgets-Test-Cxx
        vtkInteractionWidgets-Test-Python
 * vtkFiltersGeneral, needed by 34 modules:
        VTK_Group_StandAlone
        vtkChartsCore
        vtkDomainsChemistry
        vtkFiltersCore-Test-Cxx
        vtkFiltersCore-Test-Python
        vtkFiltersExtraction
        vtkFiltersGeneral-Test-Cxx
        vtkFiltersGeneral-Test-Python
        vtkFiltersHybrid
        vtkFiltersHyperTree
        vtkFiltersModeling
        vtkFiltersParallel
        vtkFiltersParallelGeometry
        vtkFiltersParallelMPI
        vtkFiltersPoints-Test-Cxx
        vtkFiltersPoints-Test-Python
        vtkFiltersSMP
        vtkFiltersSources
        vtkFiltersTexture
        vtkGeovisCore
        vtkImagingCore-Test-Cxx
        vtkImagingCore-Test-Python
        vtkInfovisCore
        vtkInfovisLayout
        vtkInteractionWidgets
        vtkRenderingAnnotation
        vtkRenderingContext2D
        vtkRenderingCore
        vtkRenderingFreeType
        vtkRenderingLabel
        vtkRenderingVolumeOpenGL2
        vtkViewsCore
        vtkViewsInfovis
        vtkWebCore
 * vtkFiltersGeneric, needed by 4 modules:
        VTK_Group_StandAlone
        vtkCommonDataModel-Test-Cxx
        vtkCommonDataModel-Test-Python
        vtkFiltersGeneric-Test-Cxx
 * vtkFiltersGeometry, needed by 15 modules:
        VTK_Group_StandAlone
        vtkFiltersFlowPaths
        vtkFiltersGeometry-Test-Cxx
        vtkFiltersGeometry-Test-Python
        vtkFiltersHybrid
        vtkFiltersParallel
        vtkFiltersParallelGeometry
        vtkIOExport
        vtkIOGeometry-Test-Cxx
        vtkIOGeometry-Test-Python
        vtkRenderingCore
        vtkViewsInfovis
        vtkWebCore
        vtkWebGLExporter
        vtkWebPython
 * vtkFiltersHybrid, needed by 7 modules:
        VTK_Group_StandAlone
        vtkFiltersHybrid-Test-Cxx
        vtkFiltersHybrid-Test-Python
        vtkIOMINC
        vtkImagingCore-Test-Cxx
        vtkImagingCore-Test-Python
        vtkInteractionWidgets
 * vtkFiltersHyperTree, needed by 6 modules:
        VTK_Group_StandAlone
        vtkFiltersHybrid-Test-Cxx
        vtkFiltersHybrid-Test-Python
        vtkFiltersHyperTree-Test-Cxx
        vtkIOXML-Test-Cxx
        vtkIOXML-Test-Python
 * vtkFiltersImaging, needed by 5 modules:
        VTK_Group_Imaging
        VTK_Group_StandAlone
        vtkFiltersFlowPaths-Test-Cxx
        vtkFiltersParallelImaging
        vtkViewsInfovis
 * vtkFiltersModeling, needed by 25 modules:
        VTK_Group_StandAlone
        vtkCommonDataModel-Test-Cxx
        vtkCommonDataModel-Test-Python
        vtkFiltersGeneral-Test-Cxx
        vtkFiltersGeneral-Test-Python
        vtkFiltersGeneric-Test-Cxx
        vtkFiltersHyperTree-Test-Cxx
        vtkFiltersModeling-Test-Cxx
        vtkFiltersModeling-Test-Python
        vtkFiltersParallel
        vtkFiltersPoints
        vtkFiltersSources-Test-Cxx
        vtkFiltersSources-Test-Python
        vtkImagingCore-Test-Cxx
        vtkImagingCore-Test-Python
        vtkInfovisLayout
        vtkInteractionWidgets
        vtkInteractionWidgets-Test-Cxx
        vtkInteractionWidgets-Test-Python
        vtkRenderingImage-Test-Cxx
        vtkRenderingImage-Test-Python
        vtkRenderingLOD
        vtkRenderingVolume-Test-Cxx
        vtkRenderingVolume-Test-Python
        vtkViewsInfovis
 * vtkFiltersParallel, needed by 4 modules:
        VTK_Group_StandAlone
        vtkFiltersParallelImaging
        vtkFiltersParallelMPI
        vtkIOParallel
 * vtkFiltersParallelDIY2, needed by VTK_Group_MPI.
 * vtkFiltersParallelGeometry, needed by 2 modules:
        VTK_Group_MPI
        vtkFiltersParallelGeometry-Test-Cxx
 * vtkFiltersParallelImaging, needed by VTK_Group_StandAlone.
 * vtkFiltersParallelMPI, needed by 2 modules:
        VTK_Group_MPI
        vtkFiltersParallelMPI-Test-Cxx
 * vtkFiltersParallelVerdict, needed by 2 modules:
        VTK_Group_MPI
        vtkFiltersParallelVerdict-Test-Cxx
 * vtkFiltersPoints, needed by 3 modules:
        VTK_Group_StandAlone
        vtkFiltersPoints-Test-Cxx
        vtkFiltersPoints-Test-Python
 * vtkFiltersProgrammable, needed by 9 modules:
        VTK_Group_StandAlone
        vtkCommonCore-Test-Cxx
        vtkCommonCore-Test-Python
        vtkFiltersProgrammable-Test-Cxx
        vtkFiltersProgrammable-Test-Python
        vtkInteractionWidgets-Test-Cxx
        vtkInteractionWidgets-Test-Python
        vtkRenderingCore-Test-Cxx
        vtkRenderingCore-Test-Python
 * vtkFiltersPython, needed by 2 modules:
        VTK_Group_StandAlone
        vtkFiltersPython-Test-Python
 * vtkFiltersSMP, needed by 3 modules:
        VTK_Group_StandAlone
        vtkFiltersSMP-Test-Cxx
        vtkFiltersSMP-Test-Python
 * vtkFiltersSelection, needed by 4 modules:
        VTK_Group_StandAlone
        vtkFiltersSelection-Test-Cxx
        vtkInteractionWidgets-Test-Cxx
        vtkInteractionWidgets-Test-Python
 * vtkFiltersSources, needed by 22 modules:
        VTK_Group_StandAlone
        vtkCommonExecutionModel-Test-Cxx
        vtkCommonExecutionModel-Test-Python
        vtkDomainsChemistry
        vtkFiltersFlowPaths
        vtkFiltersGeneric
        vtkFiltersModeling
        vtkFiltersParallel
        vtkFiltersSources-Test-Cxx
        vtkFiltersSources-Test-Python
        vtkIOImport
        vtkIOXML-Test-Cxx
        vtkIOXML-Test-Python
        vtkInfovisLayout
        vtkInteractionStyle
        vtkInteractionWidgets
        vtkRenderingAnnotation
        vtkRenderingCore
        vtkRenderingCore-Test-Cxx
        vtkRenderingCore-Test-Python
        vtkRenderingVolumeOpenGL2
        vtkViewsInfovis
 * vtkFiltersStatistics, needed by 7 modules:
        VTK_Group_StandAlone
        vtkFiltersExtraction
        vtkFiltersImaging
        vtkFiltersParallelImaging
        vtkFiltersStatistics-Test-Cxx
        vtkFiltersStatistics-Test-Python
        vtkViewsInfovis
 * vtkFiltersTexture, needed by 2 modules:
        VTK_Group_StandAlone
        vtkFiltersTexture-Test-Python
 * vtkFiltersTopology, needed by 2 modules:
        VTK_Group_StandAlone
        vtkFiltersTopology-Test-Cxx
 * vtkFiltersVerdict, needed by 8 modules:
        VTK_Group_StandAlone
        vtkCommonCore-Test-Cxx
        vtkCommonCore-Test-Python
        vtkFiltersParallelVerdict
        vtkFiltersSources-Test-Cxx
        vtkFiltersSources-Test-Python
        vtkFiltersVerdict-Test-Cxx
        vtkFiltersVerdict-Test-Python
 * vtkGeovisCore, needed by 3 modules:
        VTK_Group_Rendering
        vtkGeovisCore-Test-Cxx
        vtkViewsGeovis
 * vtkIOAMR, needed by 6 modules:
        VTK_Group_StandAlone
        vtkFiltersAMR-Test-Cxx
        vtkFiltersAMR-Test-Python
        vtkIOAMR-Test-Cxx
        vtkIOGeometry-Test-Cxx
        vtkIOGeometry-Test-Python
 * vtkIOCore, needed by 20 modules:
        VTK_Group_StandAlone
        vtkCommonExecutionModel-Test-Cxx
        vtkCommonExecutionModel-Test-Python
        vtkFiltersFlowPaths
        vtkIOCore-Test-Cxx
        vtkIOCore-Test-Python
        vtkIOExodus
        vtkIOExport
        vtkIOGeometry
        vtkIOInfovis
        vtkIOLegacy
        vtkIOMINC
        vtkIOPLY
        vtkIOParallel
        vtkIOSQL
        vtkIOTecplotTable
        vtkIOXML
        vtkIOXMLParser
        vtkWebCore
        vtkWebGLExporter
 * vtkIOEnSight, needed by 2 modules:
        VTK_Group_StandAlone
        vtkIOEnSight-Test-Python
 * vtkIOExodus, needed by 11 modules:
        VTK_Group_StandAlone
        vtkFiltersCore-Test-Cxx
        vtkFiltersCore-Test-Python
        vtkFiltersExtraction-Test-Cxx
        vtkFiltersExtraction-Test-Cxx
        vtkFiltersExtraction-Test-Python
        vtkFiltersExtraction-Test-Python
        vtkIOExodus-Test-Cxx
        vtkIOExodus-Test-Python
        vtkRenderingCore-Test-Cxx
        vtkRenderingCore-Test-Python
 * vtkIOExport, needed by 5 modules:
        VTK_Group_Rendering
        vtkIOExport-Test-Cxx
        vtkIOExportOpenGL2
        vtkIOExportOpenGL2
        vtkWebGLExporter
 * vtkIOExportOpenGL2, needed by 3 modules:
        vtkIOExport
        vtkIOExport-Test-Cxx
        vtkIOExportOpenGL2-Test-Cxx
 * vtkIOGeometry, needed by 15 modules:
        VTK_Group_StandAlone
        vtkCommonDataModel-Test-Cxx
        vtkCommonDataModel-Test-Python
        vtkDomainsChemistry-Test-Cxx
        vtkDomainsChemistry-Test-Python
        vtkDomainsChemistryOpenGL2-Test-Cxx
        vtkFiltersGeneral-Test-Cxx
        vtkFiltersGeneral-Test-Python
        vtkIOGeometry-Test-Cxx
        vtkIOGeometry-Test-Python
        vtkIOMPIParallel
        vtkIOMPIParallel
        vtkIOParallel
        vtkRenderingAnnotation-Test-Cxx
        vtkRenderingAnnotation-Test-Python
 * vtkIOImage, needed by 20 modules:
        VTK_Group_StandAlone
        vtkCommonColor-Test-Cxx
        vtkGeovisCore
        vtkIOExport
        vtkIOExport
        vtkIOImage-Test-Cxx
        vtkIOImage-Test-Python
        vtkIOImport
        vtkIOMINC
        vtkIOMPIImage
        vtkIOMPIImage
        vtkIOPLY-Test-Cxx
        vtkIOPLY-Test-Python
        vtkIOParallel
        vtkImagingColor-Test-Cxx
        vtkImagingHybrid
        vtkRenderingVolume-Test-Cxx
        vtkRenderingVolume-Test-Python
        vtkTestingRendering
        vtkWebCore
 * vtkIOImport, needed by 3 modules:
        VTK_Group_StandAlone
        vtkIOImport-Test-Cxx
        vtkIOImport-Test-Python
 * vtkIOInfovis, needed by 8 modules:
        VTK_Group_StandAlone
        vtkChartsCore-Test-Cxx
        vtkChartsCore-Test-Python
        vtkIOInfovis-Test-Cxx
        vtkIOInfovis-Test-Python
        vtkInfovisCore-Test-Cxx
        vtkInfovisLayout-Test-Cxx
        vtkViewsInfovis-Test-Cxx
 * vtkIOLSDyna, needed by 2 modules:
        VTK_Group_StandAlone
        vtkIOLSDyna-Test-Cxx
 * vtkIOLegacy, needed by 51 modules:
        VTK_Group_StandAlone
        vtkCommonDataModel-Test-Cxx
        vtkCommonDataModel-Test-Python
        vtkCommonExecutionModel-Test-Cxx
        vtkCommonExecutionModel-Test-Python
        vtkDomainsChemistry
        vtkDomainsChemistry-Test-Cxx
        vtkDomainsChemistry-Test-Python
        vtkFiltersCore-Test-Cxx
        vtkFiltersCore-Test-Python
        vtkFiltersExtraction-Test-Cxx
        vtkFiltersExtraction-Test-Python
        vtkFiltersGeneral-Test-Cxx
        vtkFiltersGeneral-Test-Python
        vtkFiltersGeneric-Test-Cxx
        vtkFiltersHybrid-Test-Cxx
        vtkFiltersHybrid-Test-Python
        vtkFiltersHyperTree-Test-Cxx
        vtkFiltersParallel
        vtkFiltersParallelGeometry
        vtkFiltersParallelMPI
        vtkFiltersParallelVerdict-Test-Cxx
        vtkFiltersPoints-Test-Cxx
        vtkFiltersPoints-Test-Python
        vtkFiltersSelection-Test-Cxx
        vtkFiltersTopology-Test-Cxx
        vtkFiltersVerdict-Test-Cxx
        vtkFiltersVerdict-Test-Python
        vtkIOGeometry
        vtkIOGeometry-Test-Cxx
        vtkIOGeometry-Test-Python
        vtkIOImage-Test-Cxx
        vtkIOImage-Test-Python
        vtkIOInfovis
        vtkIOLegacy-Test-Cxx
        vtkIOLegacy-Test-Python
        vtkIOParallel
        vtkIOSQL-Test-Cxx
        vtkIOXML-Test-Cxx
        vtkIOXML-Test-Python
        vtkImagingCore-Test-Cxx
        vtkImagingCore-Test-Python
        vtkInteractionWidgets-Test-Cxx
        vtkInteractionWidgets-Test-Python
        vtkParallelCore
        vtkRenderingCore-Test-Cxx
        vtkRenderingCore-Test-Python
        vtkRenderingOpenGL2-Test-Cxx
        vtkRenderingOpenGL2-Test-Python
        vtkRenderingVolume-Test-Cxx
        vtkRenderingVolume-Test-Python
 * vtkIOMINC, needed by 2 modules:
        VTK_Group_StandAlone
        vtkIOMINC-Test-Python
 * vtkIOMPIImage, needed by 2 modules:
        VTK_Group_MPI
        vtkIOMPIImage-Test-Cxx
 * vtkIOMPIParallel, needed by 3 modules:
        VTK_Group_MPI
        vtkIOMPIParallel-Test-Cxx
        vtkIOMPIParallel-Test-Python
 * vtkIOMovie, needed by 2 modules:
        VTK_Group_StandAlone
        vtkIOMovie-Test-Cxx
 * vtkIONetCDF, needed by 4 modules:
        VTK_Group_StandAlone
        vtkIONetCDF-Test-Cxx
        vtkIONetCDF-Test-Python
        vtkIOParallel
 * vtkIOPLY, needed by 5 modules:
        VTK_Group_StandAlone
        vtkIOPLY-Test-Cxx
        vtkIOPLY-Test-Python
        vtkRenderingOpenGL2-Test-Cxx
        vtkRenderingOpenGL2-Test-Python
 * vtkIOParallel, needed by 13 modules:
        VTK_Group_StandAlone
        vtkFiltersParallelGeometry-Test-Cxx
        vtkFiltersSources-Test-Cxx
        vtkFiltersSources-Test-Python
        vtkIOExport-Test-Cxx
        vtkIOMPIParallel
        vtkIOMPIParallel
        vtkInteractionWidgets-Test-Cxx
        vtkInteractionWidgets-Test-Python
        vtkRenderingAnnotation-Test-Cxx
        vtkRenderingAnnotation-Test-Python
        vtkRenderingCore-Test-Cxx
        vtkRenderingCore-Test-Python
 * vtkIOParallelNetCDF, needed by 2 modules:
        VTK_Group_MPI
        vtkIOParallelNetCDF-Test-Cxx
 * vtkIOParallelXML, needed by 9 modules:
        VTK_Group_StandAlone
        vtkFiltersParallelGeometry-Test-Cxx
        vtkFiltersParallelMPI-Test-Cxx
        vtkIOParallelXML-Test-Cxx
        vtkIOParallelXML-Test-Cxx
        vtkIOParallelXML-Test-Python
        vtkIOParallelXML-Test-Python
        vtkIOXML-Test-Cxx
        vtkIOXML-Test-Python
 * vtkIOSQL, needed by 4 modules:
        VTK_Group_StandAlone
        vtkIOSQL-Test-Cxx
        vtkTestingIOSQL
        vtkViewsInfovis-Test-Cxx
 * vtkIOTecplotTable, needed by 2 modules:
        VTK_Group_StandAlone
        vtkIOTecplotTable-Test-Cxx
 * vtkIOVideo, needed by VTK_Group_StandAlone.
 * vtkIOXML, needed by 47 modules:
        VTK_Group_StandAlone
        vtkCommonDataModel-Test-Cxx
        vtkCommonDataModel-Test-Python
        vtkCommonExecutionModel-Test-Cxx
        vtkCommonExecutionModel-Test-Python
        vtkFiltersAMR
        vtkFiltersCore-Test-Cxx
        vtkFiltersCore-Test-Python
        vtkFiltersExtraction-Test-Cxx
        vtkFiltersExtraction-Test-Python
        vtkFiltersGeneral-Test-Cxx
        vtkFiltersGeneral-Test-Python
        vtkFiltersGeneric-Test-Cxx
        vtkFiltersGeometry-Test-Cxx
        vtkFiltersGeometry-Test-Python
        vtkFiltersHybrid-Test-Cxx
        vtkFiltersHybrid-Test-Python
        vtkFiltersHyperTree-Test-Cxx
        vtkFiltersModeling-Test-Cxx
        vtkFiltersModeling-Test-Python
        vtkFiltersParallelGeometry-Test-Cxx
        vtkFiltersParallelMPI-Test-Cxx
        vtkFiltersPoints-Test-Cxx
        vtkFiltersPoints-Test-Python
        vtkFiltersSMP-Test-Cxx
        vtkFiltersSMP-Test-Python
        vtkFiltersSelection-Test-Cxx
        vtkFiltersSources-Test-Cxx
        vtkFiltersSources-Test-Python
        vtkGeovisCore
        vtkIOAMR-Test-Cxx
        vtkIOExport
        vtkIOImport-Test-Cxx
        vtkIOImport-Test-Python
        vtkIOInfovis
        vtkIOParallelXML
        vtkIOXML-Test-Cxx
        vtkIOXML-Test-Python
        vtkInteractionWidgets-Test-Cxx
        vtkInteractionWidgets-Test-Python
        vtkRenderingCore-Test-Cxx
        vtkRenderingCore-Test-Python
        vtkRenderingLabel-Test-Cxx
        vtkRenderingLabel-Test-Python
        vtkRenderingVolume
        vtkRenderingVolume-Test-Cxx
        vtkRenderingVolume-Test-Python
 * vtkIOXMLParser, needed by 6 modules:
        VTK_Group_StandAlone
        vtkDomainsChemistry
        vtkIOExodus
        vtkIOInfovis
        vtkIOLSDyna
        vtkIOXML
 * vtkImagingColor, needed by 6 modules:
        VTK_Group_Imaging
        VTK_Group_StandAlone
        vtkImagingColor-Test-Cxx
        vtkInteractionImage
        vtkInteractionWidgets
        vtkRenderingAnnotation
 * vtkImagingCore, needed by 37 modules:
        VTK_Group_StandAlone
        vtkFiltersAMR-Test-Cxx
        vtkFiltersAMR-Test-Python
        vtkFiltersCore-Test-Cxx
        vtkFiltersCore-Test-Python
        vtkFiltersHybrid
        vtkFiltersHybrid-Test-Cxx
        vtkFiltersHybrid-Test-Python
        vtkFiltersParallelGeometry-Test-Cxx
        vtkFiltersParallelImaging
        vtkFiltersParallelMPI
        vtkFiltersPoints-Test-Cxx
        vtkFiltersPoints-Test-Python
        vtkFiltersSMP-Test-Cxx
        vtkFiltersSMP-Test-Python
        vtkGeovisCore
        vtkIOExport
        vtkIOExportOpenGL2
        vtkIOMovie-Test-Cxx
        vtkImagingColor
        vtkImagingColor-Test-Cxx
        vtkImagingCore-Test-Cxx
        vtkImagingCore-Test-Python
        vtkImagingFourier
        vtkImagingGeneral
        vtkImagingHybrid
        vtkImagingMorphological
        vtkImagingSources
        vtkImagingStatistics
        vtkImagingStencil
        vtkInteractionImage
        vtkInteractionWidgets
        vtkRenderingContextOpenGL2
        vtkRenderingImage
        vtkRenderingVolume
        vtkRenderingVolumeOpenGL2
        vtkTestingRendering
 * vtkImagingFourier, needed by 3 modules:
        VTK_Group_Imaging
        VTK_Group_StandAlone
        vtkFiltersStatistics
 * vtkImagingGeneral, needed by 13 modules:
        VTK_Group_Imaging
        VTK_Group_StandAlone
        vtkFiltersImaging
        vtkFiltersParallelImaging
        vtkImagingCore-Test-Cxx
        vtkImagingCore-Test-Python
        vtkImagingMorphological
        vtkInteractionWidgets
        vtkRenderingOpenGL2-Test-Cxx
        vtkRenderingOpenGL2-Test-Python
        vtkRenderingVolume-Test-Cxx
        vtkRenderingVolume-Test-Python
        vtkViewsInfovis
 * vtkImagingHybrid, needed by 9 modules:
        VTK_Group_Imaging
        VTK_Group_StandAlone
        vtkFiltersHyperTree-Test-Cxx
        vtkImagingHybrid-Test-Cxx
        vtkImagingHybrid-Test-Python
        vtkInfovisLayout
        vtkInteractionWidgets
        vtkRenderingVolume-Test-Cxx
        vtkRenderingVolume-Test-Python
 * vtkImagingMath, needed by 9 modules:
        VTK_Group_Imaging
        VTK_Group_StandAlone
        vtkFiltersGeneral-Test-Cxx
        vtkFiltersGeneral-Test-Python
        vtkIOImage-Test-Cxx
        vtkIOImage-Test-Python
        vtkImagingCore-Test-Cxx
        vtkImagingCore-Test-Python
        vtkRenderingVolumeOpenGL2
 * vtkImagingMorphological, needed by 3 modules:
        VTK_Group_Imaging
        VTK_Group_StandAlone
        vtkImagingMorphological-Test-Cxx
 * vtkImagingSources, needed by 26 modules:
        VTK_Group_Imaging
        VTK_Group_StandAlone
        vtkFiltersHybrid
        vtkGeovisCore
        vtkIOImage-Test-Cxx
        vtkIOImage-Test-Python
        vtkIOImport-Test-Cxx
        vtkIOImport-Test-Python
        vtkIOMovie-Test-Cxx
        vtkIOXML-Test-Cxx
        vtkIOXML-Test-Python
        vtkImagingCore-Test-Cxx
        vtkImagingCore-Test-Python
        vtkImagingGeneral
        vtkImagingMorphological
        vtkRenderingAnnotation-Test-Cxx
        vtkRenderingAnnotation-Test-Python
        vtkRenderingCore-Test-Cxx
        vtkRenderingCore-Test-Python
        vtkRenderingImage-Test-Cxx
        vtkRenderingImage-Test-Python
        vtkRenderingOpenGL2-Test-Cxx
        vtkRenderingOpenGL2-Test-Python
        vtkRenderingVolume-Test-Cxx
        vtkRenderingVolume-Test-Python
        vtkWebCore-Test-Python
 * vtkImagingStatistics, needed by 4 modules:
        VTK_Group_Imaging
        VTK_Group_StandAlone
        vtkImagingCore-Test-Cxx
        vtkImagingCore-Test-Python
 * vtkImagingStencil, needed by 10 modules:
        VTK_Group_Imaging
        VTK_Group_StandAlone
        vtkFiltersHybrid-Test-Cxx
        vtkFiltersHybrid-Test-Python
        vtkImagingCore-Test-Cxx
        vtkImagingCore-Test-Python
        vtkImagingHybrid-Test-Cxx
        vtkImagingHybrid-Test-Python
        vtkInteractionWidgets-Test-Cxx
        vtkInteractionWidgets-Test-Python
 * vtkInfovisCore, needed by 9 modules:
        VTK_Group_StandAlone
        vtkChartsCore
        vtkGeovisCore
        vtkIOInfovis
        vtkIOXML-Test-Cxx
        vtkIOXML-Test-Python
        vtkInfovisCore-Test-Cxx
        vtkInfovisLayout
        vtkViewsInfovis
 * vtkInfovisLayout, needed by 8 modules:
        VTK_Group_StandAlone
        vtkGeovisCore
        vtkIOInfovis-Test-Cxx
        vtkIOInfovis-Test-Python
        vtkInfovisCore-Test-Cxx
        vtkInfovisLayout-Test-Cxx
        vtkViewsGeovis
        vtkViewsInfovis
 * vtkInteractionImage, needed by 11 modules:
        VTK_Group_Imaging
        VTK_Group_Rendering
        vtkIOExport-Test-Cxx
        vtkIOImage-Test-Cxx
        vtkIOImage-Test-Python
        vtkImagingCore-Test-Cxx
        vtkImagingCore-Test-Python
        vtkImagingMorphological-Test-Cxx
        vtkInteractionWidgets-Test-Cxx
        vtkInteractionWidgets-Test-Python
        vtkRenderingTk
 * vtkInteractionStyle, needed by 82 modules:
        VTK_Group_Rendering
        vtkCommonColor-Test-Cxx
        vtkCommonDataModel-Test-Cxx
        vtkCommonDataModel-Test-Python
        vtkDomainsChemistry-Test-Cxx
        vtkDomainsChemistry-Test-Python
        vtkDomainsChemistryOpenGL2-Test-Cxx
        vtkFiltersCore-Test-Cxx
        vtkFiltersCore-Test-Python
        vtkFiltersExtraction-Test-Cxx
        vtkFiltersExtraction-Test-Python
        vtkFiltersFlowPaths-Test-Cxx
        vtkFiltersGeneral-Test-Cxx
        vtkFiltersGeneral-Test-Python
        vtkFiltersGeneric-Test-Cxx
        vtkFiltersGeometry-Test-Cxx
        vtkFiltersGeometry-Test-Python
        vtkFiltersHybrid-Test-Cxx
        vtkFiltersHybrid-Test-Python
        vtkFiltersHyperTree-Test-Cxx
        vtkFiltersModeling-Test-Cxx
        vtkFiltersModeling-Test-Python
        vtkFiltersPoints-Test-Cxx
        vtkFiltersPoints-Test-Python
        vtkFiltersProgrammable-Test-Cxx
        vtkFiltersProgrammable-Test-Python
        vtkFiltersSelection-Test-Cxx
        vtkFiltersSources-Test-Cxx
        vtkFiltersSources-Test-Python
        vtkGeovisCore
        vtkGeovisCore-Test-Cxx
        vtkIOExodus-Test-Cxx
        vtkIOExodus-Test-Python
        vtkIOExport-Test-Cxx
        vtkIOGeometry-Test-Cxx
        vtkIOGeometry-Test-Python
        vtkIOImage-Test-Cxx
        vtkIOImage-Test-Python
        vtkIOImport-Test-Cxx
        vtkIOImport-Test-Python
        vtkIOLSDyna-Test-Cxx
        vtkIOLegacy-Test-Cxx
        vtkIOLegacy-Test-Python
        vtkIOMPIImage-Test-Cxx
        vtkIOMPIParallel-Test-Cxx
        vtkIOMPIParallel-Test-Python
        vtkIONetCDF-Test-Cxx
        vtkIONetCDF-Test-Python
        vtkIOPLY-Test-Cxx
        vtkIOPLY-Test-Python
        vtkIOParallelNetCDF-Test-Cxx
        vtkIOXML-Test-Cxx
        vtkIOXML-Test-Python
        vtkImagingCore-Test-Cxx
        vtkImagingCore-Test-Python
        vtkImagingHybrid-Test-Cxx
        vtkImagingHybrid-Test-Python
        vtkImagingMorphological-Test-Cxx
        vtkInfovisCore-Test-Cxx
        vtkInfovisLayout-Test-Cxx
        vtkInteractionImage
        vtkInteractionStyle-Test-Python
        vtkInteractionWidgets
        vtkInteractionWidgets-Test-Cxx
        vtkInteractionWidgets-Test-Python
        vtkRenderingAnnotation-Test-Cxx
        vtkRenderingAnnotation-Test-Python
        vtkRenderingCore-Test-Cxx
        vtkRenderingCore-Test-Python
        vtkRenderingGL2PSOpenGL2-Test-Cxx
        vtkRenderingImage-Test-Cxx
        vtkRenderingImage-Test-Python
        vtkRenderingLOD-Test-Cxx
        vtkRenderingLOD-Test-Python
        vtkRenderingLabel-Test-Cxx
        vtkRenderingLabel-Test-Python
        vtkRenderingOpenGL2-Test-Cxx
        vtkRenderingOpenGL2-Test-Python
        vtkRenderingVolume-Test-Cxx
        vtkRenderingVolume-Test-Python
        vtkViewsGeovis
        vtkViewsInfovis
 * vtkInteractionWidgets, needed by 8 modules:
        VTK_Group_Rendering
        vtkGeovisCore
        vtkInteractionImage
        vtkInteractionWidgets-Test-Cxx
        vtkInteractionWidgets-Test-Python
        vtkViewsCore
        vtkViewsInfovis
        vtkWebGLExporter
 * vtkMetaIO, needed by vtkIOImage.
 * vtkParallelCore, needed by 15 modules:
        VTK_Group_StandAlone
        vtkFiltersAMR
        vtkFiltersParallel
        vtkFiltersParallelGeometry
        vtkFiltersParallelImaging
        vtkFiltersParallelMPI
        vtkFiltersParallelVerdict
        vtkIOAMR
        vtkIOMPIImage
        vtkIOParallel
        vtkIOParallelXML
        vtkParallelCore-Test-Cxx
        vtkParallelCore-Test-Python
        vtkParallelMPI
        vtkWebCore
 * vtkParallelMPI, needed by 13 modules:
        VTK_Group_MPI
        vtkFiltersParallelDIY2
        vtkFiltersParallelGeometry
        vtkFiltersParallelGeometry-Test-Cxx
        vtkFiltersParallelMPI
        vtkFiltersParallelVerdict-Test-Cxx
        vtkIOMPIImage
        vtkIOMPIParallel
        vtkIOParallelNetCDF
        vtkIOParallelXML-Test-Cxx
        vtkIOParallelXML-Test-Python
        vtkParallelMPI4Py
        vtkParallelMPI4Py
 * vtkParallelMPI4Py, needed by 2 modules:
        VTK_Group_MPI
        vtkParallelMPI4Py-Test-Python
 * vtkPython, needed by 8 modules:
        vtkFiltersPython
        vtkParallelMPI4Py
        vtkParallelMPI4Py
        vtkPythonInterpreter
        vtkWebCore
        vtkWebCore
        vtkWebPython
        vtkWrappingPythonCore
 * vtkPythonInterpreter, needed by vtkWrappingPythonCore.
 * vtkRenderingAnnotation, needed by 15 modules:
        VTK_Group_Rendering
        vtkFiltersGeneral-Test-Cxx
        vtkFiltersGeneral-Test-Python
        vtkFiltersHyperTree-Test-Cxx
        vtkFiltersSelection-Test-Cxx
        vtkIOExport-Test-Cxx
        vtkInteractionWidgets
        vtkRenderingAnnotation-Test-Cxx
        vtkRenderingAnnotation-Test-Python
        vtkRenderingCore-Test-Cxx
        vtkRenderingCore-Test-Python
        vtkRenderingVolume-Test-Cxx
        vtkRenderingVolume-Test-Python
        vtkViewsInfovis
        vtkWebGLExporter
 * vtkRenderingContext2D, needed by 10 modules:
        VTK_Group_Rendering
        vtkChartsCore
        vtkFiltersPoints-Test-Cxx
        vtkFiltersPoints-Test-Python
        vtkIOExport
        vtkRenderingContext2D-Test-Cxx
        vtkRenderingContextOpenGL2
        vtkRenderingContextOpenGL2
        vtkViewsContext2D
        vtkViewsInfovis
 * vtkRenderingContextOpenGL2, needed by 15 modules:
        vtkChartsCore-Test-Cxx
        vtkChartsCore-Test-Python
        vtkCommonDataModel-Test-Cxx
        vtkCommonDataModel-Test-Python
        vtkFiltersPoints-Test-Cxx
        vtkFiltersPoints-Test-Python
        vtkIOExport-Test-Cxx
        vtkIOExportOpenGL2-Test-Cxx
        vtkIOImage-Test-Cxx
        vtkIOImage-Test-Python
        vtkRenderingContext2D
        vtkRenderingContext2D-Test-Cxx
        vtkRenderingFreeType-Test-Cxx
        vtkRenderingFreeType-Test-Python
        vtkViewsInfovis-Test-Cxx
 * vtkRenderingCore, needed by 43 modules:
        VTK_Group_Rendering
        vtkChartsCore
        vtkCommonDataModel-Test-Cxx
        vtkCommonDataModel-Test-Python
        vtkDomainsChemistry
        vtkDomainsChemistryOpenGL2
        vtkFiltersHybrid
        vtkFiltersParallel
        vtkGeovisCore
        vtkGeovisCore-Test-Cxx
        vtkIOExport
        vtkIOExportOpenGL2
        vtkIOImport
        vtkIOInfovis-Test-Cxx
        vtkIOInfovis-Test-Python
        vtkIOMINC
        vtkInteractionImage
        vtkInteractionStyle
        vtkInteractionStyle
        vtkInteractionWidgets
        vtkRenderingAnnotation
        vtkRenderingContext2D
        vtkRenderingContextOpenGL2
        vtkRenderingCore-Test-Cxx
        vtkRenderingCore-Test-Python
        vtkRenderingFreeType
        vtkRenderingFreeType
        vtkRenderingGL2PSOpenGL2
        vtkRenderingImage
        vtkRenderingLOD
        vtkRenderingLabel
        vtkRenderingOpenGL2
        vtkRenderingOpenGL2
        vtkRenderingTk
        vtkRenderingVolume
        vtkRenderingVolumeOpenGL2
        vtkTestingRendering
        vtkViewsContext2D
        vtkViewsCore
        vtkViewsGeovis
        vtkViewsInfovis
        vtkWebCore
        vtkWebGLExporter
 * vtkRenderingFreeType, needed by 15 modules:
        VTK_Group_Rendering
        vtkIOExport
        vtkInteractionWidgets
        vtkRenderingAnnotation
        vtkRenderingContext2D
        vtkRenderingContextOpenGL2
        vtkRenderingCore-Test-Cxx
        vtkRenderingCore-Test-Python
        vtkRenderingFreeType-Test-Cxx
        vtkRenderingFreeType-Test-Python
        vtkRenderingLabel
        vtkRenderingOpenGL2-Test-Cxx
        vtkRenderingOpenGL2-Test-Python
        vtkRenderingVolume-Test-Cxx
        vtkRenderingVolume-Test-Python
 * vtkRenderingGL2PSOpenGL2, needed by 3 modules:
        vtkIOExport
        vtkIOExportOpenGL2
        vtkRenderingGL2PSOpenGL2-Test-Cxx
 * vtkRenderingImage, needed by 8 modules:
        VTK_Group_Imaging
        VTK_Group_Rendering
        vtkImagingCore-Test-Cxx
        vtkImagingCore-Test-Python
        vtkRenderingImage-Test-Cxx
        vtkRenderingImage-Test-Python
        vtkRenderingOpenGL2-Test-Cxx
        vtkRenderingOpenGL2-Test-Python
 * vtkRenderingLOD, needed by 7 modules:
        VTK_Group_Rendering
        vtkInteractionWidgets-Test-Cxx
        vtkInteractionWidgets-Test-Python
        vtkRenderingAnnotation-Test-Cxx
        vtkRenderingAnnotation-Test-Python
        vtkRenderingLOD-Test-Cxx
        vtkRenderingLOD-Test-Python
 * vtkRenderingLabel, needed by 9 modules:
        VTK_Group_Rendering
        vtkFiltersGeneral-Test-Cxx
        vtkFiltersGeneral-Test-Python
        vtkFiltersGeneric-Test-Cxx
        vtkIOExport-Test-Cxx
        vtkInfovisLayout-Test-Cxx
        vtkRenderingLabel-Test-Cxx
        vtkRenderingLabel-Test-Python
        vtkViewsInfovis
 * vtkRenderingOpenGL2, needed by 86 modules:
        vtkCommonColor-Test-Cxx
        vtkCommonComputationalGeometry-Test-Cxx
        vtkCommonComputationalGeometry-Test-Python
        vtkCommonDataModel-Test-Cxx
        vtkCommonDataModel-Test-Python
        vtkCommonTransforms-Test-Cxx
        vtkCommonTransforms-Test-Python
        vtkDomainsChemistry-Test-Cxx
        vtkDomainsChemistry-Test-Python
        vtkDomainsChemistryOpenGL2
        vtkDomainsChemistryOpenGL2-Test-Cxx
        vtkFiltersCore-Test-Cxx
        vtkFiltersCore-Test-Python
        vtkFiltersExtraction-Test-Cxx
        vtkFiltersExtraction-Test-Python
        vtkFiltersFlowPaths-Test-Cxx
        vtkFiltersGeneral-Test-Cxx
        vtkFiltersGeneral-Test-Python
        vtkFiltersGeneric-Test-Cxx
        vtkFiltersGeometry-Test-Cxx
        vtkFiltersGeometry-Test-Python
        vtkFiltersHybrid-Test-Cxx
        vtkFiltersHybrid-Test-Python
        vtkFiltersHyperTree-Test-Cxx
        vtkFiltersModeling-Test-Cxx
        vtkFiltersModeling-Test-Python
        vtkFiltersPoints-Test-Cxx
        vtkFiltersPoints-Test-Python
        vtkFiltersProgrammable-Test-Cxx
        vtkFiltersProgrammable-Test-Python
        vtkFiltersSelection-Test-Cxx
        vtkFiltersSources-Test-Cxx
        vtkFiltersSources-Test-Python
        vtkFiltersTexture-Test-Python
        vtkGeovisCore-Test-Cxx
        vtkIOEnSight-Test-Python
        vtkIOExodus-Test-Cxx
        vtkIOExodus-Test-Python
        vtkIOGeometry-Test-Cxx
        vtkIOGeometry-Test-Python
        vtkIOImport-Test-Cxx
        vtkIOImport-Test-Python
        vtkIOLSDyna-Test-Cxx
        vtkIOLegacy-Test-Cxx
        vtkIOLegacy-Test-Python
        vtkIOMINC-Test-Python
        vtkIOMPIImage-Test-Cxx
        vtkIOMPIParallel-Test-Cxx
        vtkIOMPIParallel-Test-Python
        vtkIONetCDF-Test-Cxx
        vtkIONetCDF-Test-Python
        vtkIOPLY-Test-Cxx
        vtkIOPLY-Test-Python
        vtkIOParallelNetCDF-Test-Cxx
        vtkIOXML-Test-Cxx
        vtkIOXML-Test-Python
        vtkImagingCore-Test-Cxx
        vtkImagingCore-Test-Python
        vtkImagingHybrid-Test-Cxx
        vtkImagingHybrid-Test-Python
        vtkImagingMorphological-Test-Cxx
        vtkInfovisCore-Test-Cxx
        vtkInfovisLayout-Test-Cxx
        vtkParallelCore-Test-Cxx
        vtkParallelCore-Test-Python
        vtkRenderingAnnotation-Test-Cxx
        vtkRenderingAnnotation-Test-Python
        vtkRenderingContextOpenGL2
        vtkRenderingCore
        vtkRenderingCore-Test-Cxx
        vtkRenderingCore-Test-Python
        vtkRenderingFreeType-Test-Cxx
        vtkRenderingFreeType-Test-Python
        vtkRenderingGL2PSOpenGL2
        vtkRenderingGL2PSOpenGL2
        vtkRenderingGL2PSOpenGL2
        vtkRenderingImage-Test-Cxx
        vtkRenderingImage-Test-Python
        vtkRenderingLOD-Test-Cxx
        vtkRenderingLOD-Test-Python
        vtkRenderingLabel-Test-Cxx
        vtkRenderingLabel-Test-Python
        vtkRenderingOpenGL2-Test-Cxx
        vtkRenderingOpenGL2-Test-Python
        vtkRenderingTk
        vtkRenderingVolumeOpenGL2
 * vtkRenderingTk, needed by 2 modules:
        VTK_Group_Tk
        vtkRenderingTk-Test-Python
 * vtkRenderingVolume, needed by 7 modules:
        VTK_Group_Rendering
        vtkInteractionWidgets
        vtkRenderingTk-Test-Python
        vtkRenderingVolume-Test-Cxx
        vtkRenderingVolume-Test-Python
        vtkRenderingVolumeOpenGL2
        vtkRenderingVolumeOpenGL2
 * vtkRenderingVolumeOpenGL2, needed by 10 modules:
        vtkFiltersCore-Test-Cxx
        vtkFiltersCore-Test-Python
        vtkFiltersPoints-Test-Cxx
        vtkFiltersPoints-Test-Python
        vtkIOExport-Test-Cxx
        vtkInteractionWidgets-Test-Cxx
        vtkInteractionWidgets-Test-Python
        vtkRenderingVolume
        vtkRenderingVolume-Test-Cxx
        vtkRenderingVolume-Test-Python
 * vtkTclTk, needed by vtkRenderingTk.
 * vtkTestingCore, needed by 64 modules:
        vtkChartsCore-Test-Cxx
        vtkChartsCore-Test-Python
        vtkCommonColor-Test-Cxx
        vtkCommonComputationalGeometry-Test-Cxx
        vtkCommonComputationalGeometry-Test-Python
        vtkCommonCore-Test-Cxx
        vtkCommonCore-Test-Python
        vtkCommonDataModel-Test-Cxx
        vtkCommonDataModel-Test-Python
        vtkCommonExecutionModel-Test-Cxx
        vtkCommonExecutionModel-Test-Python
        vtkCommonMath-Test-Cxx
        vtkCommonMisc-Test-Cxx
        vtkCommonSystem-Test-Cxx
        vtkCommonTransforms-Test-Cxx
        vtkCommonTransforms-Test-Python
        vtkDomainsChemistry-Test-Cxx
        vtkDomainsChemistry-Test-Python
        vtkDomainsChemistryOpenGL2-Test-Cxx
        vtkFiltersAMR-Test-Cxx
        vtkFiltersAMR-Test-Python
        vtkFiltersFlowPaths-Test-Cxx
        vtkFiltersParallelGeometry-Test-Cxx
        vtkFiltersParallelMPI-Test-Cxx
        vtkFiltersParallelVerdict-Test-Cxx
        vtkFiltersPython-Test-Python
        vtkFiltersSMP-Test-Cxx
        vtkFiltersSMP-Test-Python
        vtkFiltersSources-Test-Cxx
        vtkFiltersSources-Test-Python
        vtkFiltersStatistics-Test-Cxx
        vtkFiltersStatistics-Test-Python
        vtkFiltersVerdict-Test-Cxx
        vtkFiltersVerdict-Test-Python
        vtkIOAMR-Test-Cxx
        vtkIOCore-Test-Cxx
        vtkIOCore-Test-Python
        vtkIOImage-Test-Cxx
        vtkIOImage-Test-Cxx
        vtkIOImage-Test-Python
        vtkIOImage-Test-Python
        vtkIOMPIImage-Test-Cxx
        vtkIOMovie-Test-Cxx
        vtkIOParallelXML-Test-Cxx
        vtkIOParallelXML-Test-Python
        vtkIOSQL-Test-Cxx
        vtkIOTecplotTable-Test-Cxx
        vtkIOXML-Test-Cxx
        vtkIOXML-Test-Python
        vtkImagingColor-Test-Cxx
        vtkImagingHybrid-Test-Cxx
        vtkImagingHybrid-Test-Python
        vtkRenderingCore-Test-Cxx
        vtkRenderingCore-Test-Python
        vtkRenderingImage-Test-Cxx
        vtkRenderingImage-Test-Python
        vtkRenderingLabel-Test-Cxx
        vtkRenderingLabel-Test-Python
        vtkRenderingOpenGL2-Test-Cxx
        vtkRenderingOpenGL2-Test-Python
        vtkRenderingVolume-Test-Cxx
        vtkRenderingVolume-Test-Python
        vtkTestingRendering
        vtkWebCore-Test-Python
 * vtkTestingGenericBridge, needed by 3 modules:
        vtkCommonDataModel-Test-Cxx
        vtkCommonDataModel-Test-Python
        vtkFiltersGeneric-Test-Cxx
 * vtkTestingIOSQL, needed by vtkIOSQL-Test-Cxx.
 * vtkTestingRendering, needed by 90 modules:
        vtkChartsCore-Test-Cxx
        vtkChartsCore-Test-Python
        vtkCommonColor-Test-Cxx
        vtkCommonDataModel-Test-Cxx
        vtkCommonDataModel-Test-Python
        vtkDomainsChemistry-Test-Cxx
        vtkDomainsChemistry-Test-Python
        vtkDomainsChemistryOpenGL2-Test-Cxx
        vtkFiltersAMR-Test-Cxx
        vtkFiltersAMR-Test-Python
        vtkFiltersCore-Test-Cxx
        vtkFiltersCore-Test-Python
        vtkFiltersExtraction-Test-Cxx
        vtkFiltersExtraction-Test-Python
        vtkFiltersFlowPaths-Test-Cxx
        vtkFiltersGeneral-Test-Cxx
        vtkFiltersGeneral-Test-Python
        vtkFiltersGeneric-Test-Cxx
        vtkFiltersGeometry-Test-Cxx
        vtkFiltersGeometry-Test-Python
        vtkFiltersHybrid-Test-Cxx
        vtkFiltersHybrid-Test-Python
        vtkFiltersHyperTree-Test-Cxx
        vtkFiltersModeling-Test-Cxx
        vtkFiltersModeling-Test-Python
        vtkFiltersPoints-Test-Cxx
        vtkFiltersPoints-Test-Python
        vtkFiltersProgrammable-Test-Cxx
        vtkFiltersProgrammable-Test-Python
        vtkFiltersSelection-Test-Cxx
        vtkFiltersSources-Test-Cxx
        vtkFiltersSources-Test-Python
        vtkFiltersTopology-Test-Cxx
        vtkGeovisCore-Test-Cxx
        vtkIOAMR-Test-Cxx
        vtkIOExodus-Test-Cxx
        vtkIOExodus-Test-Python
        vtkIOExport-Test-Cxx
        vtkIOExportOpenGL2-Test-Cxx
        vtkIOGeometry-Test-Cxx
        vtkIOGeometry-Test-Python
        vtkIOImage-Test-Cxx
        vtkIOImage-Test-Python
        vtkIOImport-Test-Cxx
        vtkIOImport-Test-Python
        vtkIOInfovis-Test-Cxx
        vtkIOInfovis-Test-Python
        vtkIOLSDyna-Test-Cxx
        vtkIOLegacy-Test-Cxx
        vtkIOLegacy-Test-Python
        vtkIOMPIImage-Test-Cxx
        vtkIOMPIParallel-Test-Cxx
        vtkIOMPIParallel-Test-Python
        vtkIONetCDF-Test-Cxx
        vtkIONetCDF-Test-Python
        vtkIOPLY-Test-Cxx
        vtkIOPLY-Test-Python
        vtkIOParallelNetCDF-Test-Cxx
        vtkIOXML-Test-Cxx
        vtkIOXML-Test-Python
        vtkImagingCore-Test-Cxx
        vtkImagingCore-Test-Python
        vtkImagingHybrid-Test-Cxx
        vtkImagingHybrid-Test-Python
        vtkImagingMorphological-Test-Cxx
        vtkInfovisCore-Test-Cxx
        vtkInfovisLayout-Test-Cxx
        vtkInteractionWidgets-Test-Cxx
        vtkInteractionWidgets-Test-Python
        vtkParallelCore-Test-Cxx
        vtkParallelCore-Test-Python
        vtkRenderingAnnotation-Test-Cxx
        vtkRenderingAnnotation-Test-Python
        vtkRenderingContext2D-Test-Cxx
        vtkRenderingCore-Test-Cxx
        vtkRenderingCore-Test-Python
        vtkRenderingFreeType-Test-Cxx
        vtkRenderingFreeType-Test-Python
        vtkRenderingGL2PSOpenGL2-Test-Cxx
        vtkRenderingImage-Test-Cxx
        vtkRenderingImage-Test-Python
        vtkRenderingLOD-Test-Cxx
        vtkRenderingLOD-Test-Python
        vtkRenderingLabel-Test-Cxx
        vtkRenderingLabel-Test-Python
        vtkRenderingOpenGL2-Test-Cxx
        vtkRenderingOpenGL2-Test-Python
        vtkRenderingVolume-Test-Cxx
        vtkRenderingVolume-Test-Python
        vtkViewsInfovis-Test-Cxx
 * vtkViewsContext2D, needed by 14 modules:
        VTK_Group_Rendering
        VTK_Group_Views
        vtkChartsCore-Test-Cxx
        vtkChartsCore-Test-Python
        vtkCommonDataModel-Test-Cxx
        vtkCommonDataModel-Test-Python
        vtkFiltersPoints-Test-Cxx
        vtkFiltersPoints-Test-Python
        vtkIOExport-Test-Cxx
        vtkIOExportOpenGL2-Test-Cxx
        vtkRenderingContext2D-Test-Cxx
        vtkRenderingFreeType-Test-Cxx
        vtkRenderingFreeType-Test-Python
        vtkViewsInfovis-Test-Cxx
 * vtkViewsCore, needed by 5 modules:
        VTK_Group_Rendering
        vtkGeovisCore
        vtkViewsContext2D
        vtkViewsGeovis
        vtkViewsInfovis
 * vtkViewsGeovis, needed by 2 modules:
        VTK_Group_Views
        vtkGeovisCore-Test-Cxx
 * vtkViewsInfovis, needed by 4 modules:
        VTK_Group_Rendering
        vtkGeovisCore-Test-Cxx
        vtkViewsGeovis
        vtkViewsInfovis-Test-Cxx
 * vtkWebCore, needed by 3 modules:
        VTK_Group_Web
        vtkWebCore-Test-Python
        vtkWebPython
 * vtkWebGLExporter, needed by 2 modules:
        VTK_Group_Web
        vtkWebCore
 * vtkWebPython, needed by VTK_Group_Web.
 * vtkWrappingTools, needed by 2 modules:
        vtkWrappingJava
        vtkWrappingPythonCore
 * vtkdiy2, needed by 2 modules:
        VTK_Group_MPI
        vtkFiltersParallelDIY2
 * vtkeigen, needed by vtkFiltersStatistics.
 * vtkexodusII, needed by 2 modules:
        vtkIOExodus
        vtkIOParallel
 * vtkexpat, needed by vtkIOXMLParser.
 * vtkfreetype, needed by vtkRenderingFreeType.
 * vtkgl2ps, needed by 2 modules:
        vtkIOExportOpenGL2
        vtkRenderingGL2PSOpenGL2
 * vtkglew, needed by 4 modules:
        vtkDomainsChemistryOpenGL2
        vtkRenderingContextOpenGL2
        vtkRenderingOpenGL2
        vtkRenderingVolumeOpenGL2
 * vtkhdf5, needed by 2 modules:
        vtkIOAMR
        vtknetcdf
 * vtkjpeg, needed by 2 modules:
        vtkIOImage
        vtktiff
 * vtkjsoncpp, needed by vtkIOParallel.
 * vtkkwiml, needed by 2 modules:
        vtkCommonCore
        vtkfreetype
 * vtklibharu, needed by vtkIOExport.
 * vtklibproj4, needed by vtkGeovisCore.
 * vtklibxml2, needed by vtkIOInfovis.
 * vtklz4, needed by vtkIOCore.
 * vtklzma, needed by vtkIOCore.
 * vtkmpi4py, needed by vtkParallelMPI4Py.
 * vtknetcdf, needed by 6 modules:
        vtkIOMINC
        vtkIONetCDF
        vtkIOParallel
        vtkIOParallelNetCDF
        vtkexodusII
        vtknetcdfcpp
 * vtknetcdfcpp, needed by vtkIONetCDF.
 * vtkogg, needed by vtktheora.
 * vtkpng, needed by 3 modules:
        vtkIOImage
        vtkgl2ps
        vtklibharu
 * vtksqlite, needed by vtkIOSQL.
 * vtksys, needed by 42 modules:
        vtkChartsCore
        vtkCommonCore
        vtkCommonCore-Test-Cxx
        vtkCommonCore-Test-Python
        vtkCommonDataModel
        vtkCommonMisc
        vtkCommonSystem
        vtkDICOMParser
        vtkDomainsChemistry
        vtkFiltersHybrid
        vtkIOAMR
        vtkIOCore
        vtkIOExodus
        vtkIOGeometry
        vtkIOImage
        vtkIOImport
        vtkIOInfovis
        vtkIOLSDyna
        vtkIOLegacy
        vtkIOMINC
        vtkIOMPIImage
        vtkIOMPIParallel
        vtkIONetCDF
        vtkIOPLY
        vtkIOParallel
        vtkIOParallelXML
        vtkIOSQL
        vtkIOTecplotTable
        vtkIOVideo
        vtkIOXML
        vtkIOXMLParser
        vtkImagingFourier
        vtkParallelCore
        vtkPythonInterpreter
        vtkRenderingCore
        vtkRenderingOpenGL2
        vtkRenderingVolumeOpenGL2
        vtkTestingRendering
        vtkWebCore
        vtkWebGLExporter
        vtkWrappingPythonCore
        vtkWrappingTools
 * vtktheora, needed by vtkIOMovie.
 * vtktiff, needed by vtkIOImage.
 * vtkutf8, needed by 2 modules:
        vtkCommonCore
        vtkIOCore
 * vtkverdict, needed by vtkFiltersVerdict.
 * vtkzlib, needed by 11 modules:
        vtkIOCore
        vtkIOGeometry
        vtkIOImage
        vtkMetaIO
        vtkfreetype
        vtkgl2ps
        vtkhdf5
        vtklibharu
        vtklibxml2
        vtkpng
        vtktiff
